# JRE version: Java(TM) SE Runtime Environment (13.0.2+8) (build 13.0.2+8)
# Java VM: Java HotSpot(TM) 64-Bit Server VM (13.0.2+8, mixed mode, sharing, tiered, compressed oops, g1 gc, windows-amd64)
Heap:
 garbage-first heap   total 40960K, used 13656K [0x0000000700e00000, 0x0000000800000000)
  region size 1024K, 4 young (4096K), 3 survivors (3072K)
 Metaspace       used 27496K, capacity 28565K, committed 28720K, reserved 1075200K
  class space    used 3522K, capacity 3952K, committed 3968K, reserved 1048576K
GC Heap History (10 events):
Event: 1.237 GC heap before
{Heap before GC invocations=0 (full 0):
 garbage-first heap   total 262144K, used 23552K [0x0000000700e00000, 0x0000000800000000)
  region size 1024K, 24 young (24576K), 0 survivors (0K)
 Metaspace       used 5692K, capacity 6501K, committed 6784K, reserved 1056768K
  class space    used 656K, capacity 826K, committed 896K, reserved 1048576K
}
Event: 1.242 GC heap after
{Heap after GC invocations=1 (full 0):
 garbage-first heap   total 262144K, used 5728K [0x0000000700e00000, 0x0000000800000000)
  region size 1024K, 3 young (3072K), 3 survivors (3072K)
 Metaspace       used 5692K, capacity 6501K, committed 6784K, reserved 1056768K
  class space    used 656K, capacity 826K, committed 896K, reserved 1048576K
}
Event: 2.208 GC heap before
{Heap before GC invocations=1 (full 0):
 garbage-first heap   total 262144K, used 94816K [0x0000000700e00000, 0x0000000800000000)
  region size 1024K, 91 young (93184K), 3 survivors (3072K)
 Metaspace       used 20540K, capacity 21230K, committed 21296K, reserved 1067008K
  class space    used 2618K, capacity 2930K, committed 2944K, reserved 1048576K
}
Event: 2.218 GC heap after
{Heap after GC invocations=2 (full 0):
 garbage-first heap   total 262144K, used 9665K [0x0000000700e00000, 0x0000000800000000)
  region size 1024K, 7 young (7168K), 7 survivors (7168K)
 Metaspace       used 20540K, capacity 21230K, committed 21296K, reserved 1067008K
  class space    used 2618K, capacity 2930K, committed 2944K, reserved 1048576K
}
Event: 2.453 GC heap before
{Heap before GC invocations=3 (full 0):
 garbage-first heap   total 40960K, used 30145K [0x0000000700e00000, 0x0000000800000000)
  region size 1024K, 27 young (27648K), 7 survivors (7168K)
 Metaspace       used 22416K, capacity 23220K, committed 23472K, reserved 1069056K
  class space    used 2883K, capacity 3210K, committed 3328K, reserved 1048576K
}
Event: 2.460 GC heap after
{Heap after GC invocations=4 (full 0):
 garbage-first heap   total 40960K, used 10226K [0x0000000700e00000, 0x0000000800000000)
  region size 1024K, 2 young (2048K), 2 survivors (2048K)
 Metaspace       used 22416K, capacity 23220K, committed 23472K, reserved 1069056K
  class space    used 2883K, capacity 3210K, committed 3328K, reserved 1048576K
}
Event: 2.764 GC heap before
{Heap before GC invocations=4 (full 0):
 garbage-first heap   total 40960K, used 28658K [0x0000000700e00000, 0x0000000800000000)
  region size 1024K, 20 young (20480K), 2 survivors (2048K)
 Metaspace       used 24837K, capacity 25709K, committed 26032K, reserved 1071104K
  class space    used 3178K, capacity 3496K, committed 3584K, reserved 1048576K
}
Event: 2.766 GC heap after
{Heap after GC invocations=5 (full 0):
 garbage-first heap   total 40960K, used 10873K [0x0000000700e00000, 0x0000000800000000)
  region size 1024K, 2 young (2048K), 2 survivors (2048K)
 Metaspace       used 24837K, capacity 25709K, committed 26032K, reserved 1071104K
  class space    used 3178K, capacity 3496K, committed 3584K, reserved 1048576K
}
Event: 3.170 GC heap before
{Heap before GC invocations=5 (full 0):
 garbage-first heap   total 40960K, used 29305K [0x0000000700e00000, 0x0000000800000000)
  region size 1024K, 21 young (21504K), 2 survivors (2048K)
 Metaspace       used 26894K, capacity 27889K, committed 28208K, reserved 1073152K
  class space    used 3460K, capacity 3859K, committed 3968K, reserved 1048576K
}
Event: 3.175 GC heap after
{Heap after GC invocations=6 (full 0):
 garbage-first heap   total 40960K, used 12494K [0x0000000700e00000, 0x0000000800000000)
  region size 1024K, 3 young (3072K), 3 survivors (3072K)
 Metaspace       used 26894K, capacity 27889K, committed 28208K, reserved 1073152K
  class space    used 3460K, capacity 3859K, committed 3968K, reserved 1048576K
}

